<?xml version="1.0" encoding="UTF-8"?>
<!-- Generated by org.testng.reporters.JUnitReportReporter -->
<testsuite skipped="0" hostname="LAPTOP-V254GKE8" name="PackTestng.Firsttestng" tests="1" failures="0" timestamp="18 May 2019 00:48:19 GMT" time="0.009" errors="0">
  <testcase name="demo" time="0.009" classname="PackTestng.Firsttestng"/>
</testsuite> <!-- PackTestng.Firsttestng -->
