<?xml version="1.0" encoding="UTF-8"?>
<!-- Generated by org.testng.reporters.JUnitReportReporter -->
<testsuite skipped="0" hostname="LAPTOP-V254GKE8" name="PackTestng.Firsttestng3" tests="3" failures="0" timestamp="18 May 2019 00:48:19 GMT" time="0.003" errors="0">
  <testcase name="kitchenbowl" time="0.001" classname="PackTestng.Firsttestng3"/>
  <testcase name="kitchenplate" time="0.001" classname="PackTestng.Firsttestng3"/>
  <testcase name="kitchenspoon" time="0.001" classname="PackTestng.Firsttestng3"/>
</testsuite> <!-- PackTestng.Firsttestng3 -->
