<?xml version="1.0" encoding="UTF-8"?>
<!-- Generated by org.testng.reporters.JUnitReportReporter -->
<testsuite skipped="0" hostname="LAPTOP-V254GKE8" name="PackTestng.Firsttestng2" tests="3" failures="0" timestamp="18 May 2019 00:48:19 GMT" time="0.003" errors="0">
  <testcase name="Electroniccctv" time="0.001" classname="PackTestng.Firsttestng2"/>
  <testcase name="Electronicspeaker" time="0.001" classname="PackTestng.Firsttestng2"/>
  <testcase name="Electronictv" time="0.001" classname="PackTestng.Firsttestng2"/>
</testsuite> <!-- PackTestng.Firsttestng2 -->
